<?xml version="1.0" encoding="UTF-8"?>
<testsuite name="com.kengy.projetomaxima.ExampleUnitTest" tests="1" skipped="0" failures="0" errors="0" timestamp="2020-07-28T05:25:11" hostname="DESKTOP-P0MS3E8" time="0.001">
  <properties/>
  <testcase name="addition_isCorrect" classname="com.kengy.projetomaxima.ExampleUnitTest" time="0.001"/>
  <system-out><![CDATA[]]></system-out>
  <system-err><![CDATA[]]></system-err>
</testsuite>
